# JRE version: OpenJDK Runtime Environment (21.0.10) (build 21.0.10+-14961533-b1163.108)
# Java VM: OpenJDK 64-Bit Server VM (21.0.10+-14961533-b1163.108, mixed mode, tiered, compressed oops, compressed class ptrs, g1 gc, windows-amd64)
GC Precious Log:
 CardTable entry size: 512
 Card Set container configuration: InlinePtr #cards 4 size 8 Array Of Cards #cards 32 size 80 Howl #buckets 8 coarsen threshold 7372 Howl Bitmap #cards 1024 size 144 coarsen threshold 921 Card regions per heap region 1 cards per card region 8192
 CPUs: 20 total, 20 available
 Memory: 7896M
 Large Page Support: Disabled
 NUMA Support: Disabled
 Compressed Oops: Enabled (Zero based)
 Heap Region Size: 4M
 Heap Min Capacity: 8M
 Heap Initial Capacity: 124M
 Heap Max Capacity: 8G
 Pre-touch: Disabled
 Parallel Workers: 15
 Concurrent Workers: 4
 Concurrent Refinement Workers: 15
 Periodic GC: Disabled
Heap:
 garbage-first heap   total 258048K, used 211722K [0x0000000600000000, 0x0000000800000000)
  region size 4096K, 31 young (126976K), 3 survivors (12288K)
 Metaspace       used 112003K, committed 114112K, reserved 1179648K
  class space    used 16084K, committed 17088K, reserved 1048576K
GC Heap History (20 events):
Event: 6.361 GC heap before
{Heap before GC invocations=19 (full 0):
 garbage-first heap   total 126976K, used 112533K [0x0000000600000000, 0x0000000800000000)
  region size 4096K, 16 young (65536K), 1 survivors (4096K)
 Metaspace       used 78031K, committed 79872K, reserved 1179648K
  class space    used 11222K, committed 12096K, reserved 1048576K
}
Event: 6.366 GC heap after
{Heap after GC invocations=20 (full 0):
 garbage-first heap   total 155648K, used 53963K [0x0000000600000000, 0x0000000800000000)
  region size 4096K, 2 young (8192K), 2 survivors (8192K)
 Metaspace       used 78031K, committed 79872K, reserved 1179648K
  class space    used 11222K, committed 12096K, reserved 1048576K
}
Event: 6.999 GC heap before
{Heap before GC invocations=21 (full 0):
 garbage-first heap   total 155648K, used 135883K [0x0000000600000000, 0x0000000800000000)
  region size 4096K, 22 young (90112K), 2 survivors (8192K)
 Metaspace       used 82674K, committed 84608K, reserved 1179648K
  class space    used 12001K, committed 12928K, reserved 1048576K
}
Event: 7.006 GC heap after
{Heap after GC invocations=22 (full 0):
 garbage-first heap   total 155648K, used 58675K [0x0000000600000000, 0x0000000800000000)
  region size 4096K, 3 young (12288K), 3 survivors (12288K)
 Metaspace       used 82674K, committed 84608K, reserved 1179648K
  class space    used 12001K, committed 12928K, reserved 1048576K
}
Event: 7.410 GC heap before
{Heap before GC invocations=22 (full 0):
 garbage-first heap   total 155648K, used 132403K [0x0000000600000000, 0x0000000800000000)
  region size 4096K, 22 young (90112K), 3 survivors (12288K)
 Metaspace       used 83871K, committed 85824K, reserved 1179648K
  class space    used 12134K, committed 13120K, reserved 1048576K
}
Event: 7.419 GC heap after
{Heap after GC invocations=23 (full 0):
 garbage-first heap   total 155648K, used 62584K [0x0000000600000000, 0x0000000800000000)
  region size 4096K, 3 young (12288K), 3 survivors (12288K)
 Metaspace       used 83871K, committed 85824K, reserved 1179648K
  class space    used 12134K, committed 13120K, reserved 1048576K
}
Event: 7.529 GC heap before
{Heap before GC invocations=24 (full 0):
 garbage-first heap   total 155648K, used 136312K [0x0000000600000000, 0x0000000800000000)
  region size 4096K, 21 young (86016K), 3 survivors (12288K)
 Metaspace       used 83940K, committed 85888K, reserved 1179648K
  class space    used 12136K, committed 13120K, reserved 1048576K
}
Event: 7.537 GC heap after
{Heap after GC invocations=25 (full 0):
 garbage-first heap   total 155648K, used 64369K [0x0000000600000000, 0x0000000800000000)
  region size 4096K, 2 young (8192K), 2 survivors (8192K)
 Metaspace       used 83940K, committed 85888K, reserved 1179648K
  class space    used 12136K, committed 13120K, reserved 1048576K
}
Event: 7.588 GC heap before
{Heap before GC invocations=25 (full 0):
 garbage-first heap   total 155648K, used 138097K [0x0000000600000000, 0x0000000800000000)
  region size 4096K, 20 young (81920K), 2 survivors (8192K)
 Metaspace       used 83944K, committed 85888K, reserved 1179648K
  class space    used 12137K, committed 13120K, reserved 1048576K
}
Event: 7.594 GC heap after
{Heap after GC invocations=26 (full 0):
 garbage-first heap   total 155648K, used 64850K [0x0000000600000000, 0x0000000800000000)
  region size 4096K, 2 young (8192K), 2 survivors (8192K)
 Metaspace       used 83944K, committed 85888K, reserved 1179648K
  class space    used 12137K, committed 13120K, reserved 1048576K
}
Event: 7.661 GC heap before
{Heap before GC invocations=26 (full 0):
 garbage-first heap   total 155648K, used 138578K [0x0000000600000000, 0x0000000800000000)
  region size 4096K, 20 young (81920K), 2 survivors (8192K)
 Metaspace       used 83946K, committed 85888K, reserved 1179648K
  class space    used 12137K, committed 13120K, reserved 1048576K
}
Event: 7.669 GC heap after
{Heap after GC invocations=27 (full 0):
 garbage-first heap   total 258048K, used 65521K [0x0000000600000000, 0x0000000800000000)
  region size 4096K, 2 young (8192K), 2 survivors (8192K)
 Metaspace       used 83946K, committed 85888K, reserved 1179648K
  class space    used 12137K, committed 13120K, reserved 1048576K
}
Event: 7.771 GC heap before
{Heap before GC invocations=28 (full 0):
 garbage-first heap   total 258048K, used 208881K [0x0000000600000000, 0x0000000800000000)
  region size 4096K, 37 young (151552K), 2 survivors (8192K)
 Metaspace       used 83949K, committed 85888K, reserved 1179648K
  class space    used 12137K, committed 13120K, reserved 1048576K
}
Event: 7.779 GC heap after
{Heap after GC invocations=29 (full 0):
 garbage-first heap   total 258048K, used 66689K [0x0000000600000000, 0x0000000800000000)
  region size 4096K, 3 young (12288K), 3 survivors (12288K)
 Metaspace       used 83949K, committed 85888K, reserved 1179648K
  class space    used 12137K, committed 13120K, reserved 1048576K
}
Event: 8.146 GC heap before
{Heap before GC invocations=29 (full 0):
 garbage-first heap   total 258048K, used 201857K [0x0000000600000000, 0x0000000800000000)
  region size 4096K, 37 young (151552K), 3 survivors (12288K)
 Metaspace       used 85180K, committed 87104K, reserved 1179648K
  class space    used 12291K, committed 13248K, reserved 1048576K
}
Event: 8.158 GC heap after
{Heap after GC invocations=30 (full 0):
 garbage-first heap   total 258048K, used 77459K [0x0000000600000000, 0x0000000800000000)
  region size 4096K, 5 young (20480K), 5 survivors (20480K)
 Metaspace       used 85180K, committed 87104K, reserved 1179648K
  class space    used 12291K, committed 13248K, reserved 1048576K
}
Event: 9.233 GC heap before
{Heap before GC invocations=31 (full 0):
 garbage-first heap   total 258048K, used 204435K [0x0000000600000000, 0x0000000800000000)
  region size 4096K, 37 young (151552K), 5 survivors (20480K)
 Metaspace       used 94573K, committed 96576K, reserved 1179648K
  class space    used 13450K, committed 14400K, reserved 1048576K
}
Event: 9.245 GC heap after
{Heap after GC invocations=32 (full 0):
 garbage-first heap   total 258048K, used 90003K [0x0000000600000000, 0x0000000800000000)
  region size 4096K, 4 young (16384K), 4 survivors (16384K)
 Metaspace       used 94573K, committed 96576K, reserved 1179648K
  class space    used 13450K, committed 14400K, reserved 1048576K
}
Event: 10.271 GC heap before
{Heap before GC invocations=32 (full 0):
 garbage-first heap   total 258048K, used 221075K [0x0000000600000000, 0x0000000800000000)
  region size 4096K, 36 young (147456K), 4 survivors (16384K)
 Metaspace       used 103639K, committed 105728K, reserved 1179648K
  class space    used 14722K, committed 15744K, reserved 1048576K
}
Event: 10.286 GC heap after
{Heap after GC invocations=33 (full 0):
 garbage-first heap   total 258048K, used 101130K [0x0000000600000000, 0x0000000800000000)
  region size 4096K, 3 young (12288K), 3 survivors (12288K)
 Metaspace       used 103639K, committed 105728K, reserved 1179648K
  class space    used 14722K, committed 15744K, reserved 1048576K
}

