# JRE version: OpenJDK Runtime Environment (21.0.10) (build 21.0.10+-14961533-b1163.108)
# Java VM: OpenJDK 64-Bit Server VM (21.0.10+-14961533-b1163.108, mixed mode, tiered, compressed oops, compressed class ptrs, g1 gc, windows-amd64)
GC Precious Log:
 CardTable entry size: 512
 Card Set container configuration: InlinePtr #cards 4 size 8 Array Of Cards #cards 32 size 80 Howl #buckets 8 coarsen threshold 7372 Howl Bitmap #cards 1024 size 144 coarsen threshold 921 Card regions per heap region 1 cards per card region 8192
 CPUs: 20 total, 20 available
 Memory: 7896M
 Large Page Support: Disabled
 NUMA Support: Disabled
 Compressed Oops: Enabled (Zero based)
 Heap Region Size: 4M
 Heap Min Capacity: 8M
 Heap Initial Capacity: 124M
 Heap Max Capacity: 8G
 Pre-touch: Disabled
 Parallel Workers: 15
 Concurrent Workers: 4
 Concurrent Refinement Workers: 15
 Periodic GC: Disabled
Heap:
 garbage-first heap   total 520192K, used 205725K [0x0000000600000000, 0x0000000800000000)
  region size 4096K, 4 young (16384K), 4 survivors (16384K)
 Metaspace       used 160298K, committed 162944K, reserved 1245184K
  class space    used 21913K, committed 23232K, reserved 1048576K
GC Heap History (20 events):
Event: 624.465 GC heap after
{Heap after GC invocations=54 (full 0):
 garbage-first heap   total 520192K, used 163746K [0x0000000600000000, 0x0000000800000000)
  region size 4096K, 5 young (20480K), 5 survivors (20480K)
 Metaspace       used 155220K, committed 157760K, reserved 1245184K
  class space    used 21530K, committed 22784K, reserved 1048576K
}
Event: 914.022 GC heap before
{Heap before GC invocations=54 (full 0):
 garbage-first heap   total 520192K, used 454562K [0x0000000600000000, 0x0000000800000000)
  region size 4096K, 76 young (311296K), 5 survivors (20480K)
 Metaspace       used 155255K, committed 157888K, reserved 1245184K
  class space    used 21530K, committed 22784K, reserved 1048576K
}
Event: 914.197 GC heap after
{Heap after GC invocations=55 (full 0):
 garbage-first heap   total 520192K, used 163953K [0x0000000600000000, 0x0000000800000000)
  region size 4096K, 5 young (20480K), 5 survivors (20480K)
 Metaspace       used 155255K, committed 157888K, reserved 1245184K
  class space    used 21530K, committed 22784K, reserved 1048576K
}
Event: 1213.527 GC heap before
{Heap before GC invocations=55 (full 0):
 garbage-first heap   total 520192K, used 454769K [0x0000000600000000, 0x0000000800000000)
  region size 4096K, 76 young (311296K), 5 survivors (20480K)
 Metaspace       used 155273K, committed 157888K, reserved 1245184K
  class space    used 21530K, committed 22784K, reserved 1048576K
}
Event: 1213.661 GC heap after
{Heap after GC invocations=56 (full 0):
 garbage-first heap   total 520192K, used 163848K [0x0000000600000000, 0x0000000800000000)
  region size 4096K, 5 young (20480K), 5 survivors (20480K)
 Metaspace       used 155273K, committed 157888K, reserved 1245184K
  class space    used 21530K, committed 22784K, reserved 1048576K
}
Event: 1258.971 GC heap before
{Heap before GC invocations=57 (full 0):
 garbage-first heap   total 520192K, used 454664K [0x0000000600000000, 0x0000000800000000)
  region size 4096K, 76 young (311296K), 5 survivors (20480K)
 Metaspace       used 155956K, committed 158464K, reserved 1245184K
  class space    used 21540K, committed 22784K, reserved 1048576K
}
Event: 1259.091 GC heap after
{Heap after GC invocations=58 (full 0):
 garbage-first heap   total 520192K, used 184103K [0x0000000600000000, 0x0000000800000000)
  region size 4096K, 10 young (40960K), 10 survivors (40960K)
 Metaspace       used 155956K, committed 158464K, reserved 1245184K
  class space    used 21540K, committed 22784K, reserved 1048576K
}
Event: 1259.158 GC heap before
{Heap before GC invocations=58 (full 0):
 garbage-first heap   total 520192K, used 188199K [0x0000000600000000, 0x0000000800000000)
  region size 4096K, 11 young (45056K), 10 survivors (40960K)
 Metaspace       used 155997K, committed 158528K, reserved 1245184K
  class space    used 21540K, committed 22784K, reserved 1048576K
}
Event: 1259.247 GC heap after
{Heap after GC invocations=59 (full 0):
 garbage-first heap   total 520192K, used 185784K [0x0000000600000000, 0x0000000800000000)
  region size 4096K, 2 young (8192K), 2 survivors (8192K)
 Metaspace       used 155997K, committed 158528K, reserved 1245184K
  class space    used 21540K, committed 22784K, reserved 1048576K
}
Event: 1413.540 GC heap before
{Heap before GC invocations=59 (full 0):
 garbage-first heap   total 520192K, used 480696K [0x0000000600000000, 0x0000000800000000)
  region size 4096K, 75 young (307200K), 2 survivors (8192K)
 Metaspace       used 156616K, committed 159168K, reserved 1245184K
  class space    used 21544K, committed 22784K, reserved 1048576K
}
Event: 1413.700 GC heap after
{Heap after GC invocations=60 (full 0):
 garbage-first heap   total 520192K, used 187565K [0x0000000600000000, 0x0000000800000000)
  region size 4096K, 2 young (8192K), 2 survivors (8192K)
 Metaspace       used 156616K, committed 159168K, reserved 1245184K
  class space    used 21544K, committed 22784K, reserved 1048576K
}
Event: 1703.533 GC heap before
{Heap before GC invocations=61 (full 0):
 garbage-first heap   total 520192K, used 474285K [0x0000000600000000, 0x0000000800000000)
  region size 4096K, 72 young (294912K), 2 survivors (8192K)
 Metaspace       used 156621K, committed 159168K, reserved 1245184K
  class space    used 21544K, committed 22784K, reserved 1048576K
}
Event: 1703.894 GC heap after
{Heap after GC invocations=62 (full 0):
 garbage-first heap   total 520192K, used 186579K [0x0000000600000000, 0x0000000800000000)
  region size 4096K, 2 young (8192K), 2 survivors (8192K)
 Metaspace       used 156621K, committed 159168K, reserved 1245184K
  class space    used 21544K, committed 22784K, reserved 1048576K
}
Event: 1993.678 GC heap before
{Heap before GC invocations=62 (full 0):
 garbage-first heap   total 520192K, used 485587K [0x0000000600000000, 0x0000000800000000)
  region size 4096K, 75 young (307200K), 2 survivors (8192K)
 Metaspace       used 156626K, committed 159168K, reserved 1245184K
  class space    used 21544K, committed 22784K, reserved 1048576K
}
Event: 1993.802 GC heap after
{Heap after GC invocations=63 (full 0):
 garbage-first heap   total 520192K, used 178485K [0x0000000600000000, 0x0000000800000000)
  region size 4096K, 2 young (8192K), 2 survivors (8192K)
 Metaspace       used 156626K, committed 159168K, reserved 1245184K
  class space    used 21544K, committed 22784K, reserved 1048576K
}
Event: 1997.330 GC heap before
{Heap before GC invocations=63 (full 0):
 garbage-first heap   total 520192K, used 358709K [0x0000000600000000, 0x0000000800000000)
  region size 4096K, 47 young (192512K), 2 survivors (8192K)
 Metaspace       used 156904K, committed 159552K, reserved 1245184K
  class space    used 21549K, committed 22848K, reserved 1048576K
}
Event: 1997.373 GC heap after
{Heap after GC invocations=64 (full 0):
 garbage-first heap   total 520192K, used 190755K [0x0000000600000000, 0x0000000800000000)
  region size 4096K, 5 young (20480K), 5 survivors (20480K)
 Metaspace       used 156904K, committed 159552K, reserved 1245184K
  class space    used 21549K, committed 22848K, reserved 1048576K
}
Event: 1997.415 GC heap before
{Heap before GC invocations=64 (full 0):
 garbage-first heap   total 520192K, used 194851K [0x0000000600000000, 0x0000000800000000)
  region size 4096K, 6 young (24576K), 5 survivors (20480K)
 Metaspace       used 156914K, committed 159552K, reserved 1245184K
  class space    used 21549K, committed 22848K, reserved 1048576K
}
Event: 1997.447 GC heap after
{Heap after GC invocations=65 (full 0):
 garbage-first heap   total 520192K, used 193475K [0x0000000600000000, 0x0000000800000000)
  region size 4096K, 1 young (4096K), 1 survivors (4096K)
 Metaspace       used 156914K, committed 159552K, reserved 1245184K
  class space    used 21549K, committed 22848K, reserved 1048576K
}
Event: 2005.183 GC heap before
{Heap before GC invocations=66 (full 0):
 garbage-first heap   total 520192K, used 402371K [0x0000000600000000, 0x0000000800000000)
  region size 4096K, 53 young (217088K), 1 survivors (4096K)
 Metaspace       used 160298K, committed 162944K, reserved 1245184K
  class space    used 21913K, committed 23232K, reserved 1048576K
}

